0 verbose cli D:\node\node.exe D:\node\node_modules\npm\bin\npm-cli.js
1 info using npm@10.2.3
2 info using node@v18.19.0
3 timing npm:load:whichnode Completed in 29ms
4 timing config:load:defaults Completed in 6ms
5 timing config:load:file:D:\node\node_modules\npm\npmrc Completed in 3ms
6 timing config:load:builtin Completed in 4ms
7 timing config:load:cli Completed in 3ms
8 timing config:load:env Completed in 1ms
9 timing config:load:file:E:\企业工程实践\实践1\源代码\.npmrc Completed in 1ms
10 timing config:load:project Completed in 5ms
11 timing config:load:file:C:\Users\lenovo\.npmrc Completed in 1ms
12 timing config:load:user Completed in 2ms
13 timing config:load:file:D:\node\node_global\etc\npmrc Completed in 1ms
14 timing config:load:global Completed in 1ms
15 timing config:load:setEnvs Completed in 1ms
16 timing config:load Completed in 23ms
17 timing npm:load:configload Completed in 23ms
18 timing config:load:flatten Completed in 4ms
19 timing npm:load:mkdirpcache Completed in 1ms
20 timing npm:load:mkdirplogs Completed in 1ms
21 verbose title npm
22 verbose argv "--version"
23 timing npm:load:setTitle Completed in 0ms
24 timing npm:load:display Completed in 0ms
25 verbose logfile logs-max:10 dir:E:\企业工程实践\实践1\源代码\.npm-cache\_logs\2026-02-20T12_28_18_668Z-
26 verbose logfile E:\企业工程实践\实践1\源代码\.npm-cache\_logs\2026-02-20T12_28_18_668Z-debug-0.log
27 timing npm:load:logFile Completed in 14ms
28 timing npm:load:timers Completed in 0ms
29 timing npm:load:configScope Completed in 0ms
30 timing npm:load Completed in 135ms
31 verbose exit 0
32 timing npm Completed in 144ms
33 info ok
